INFO 2019-09-17 15:44:39,864 autoreload 597 Watching for file changes with StatReloader
INFO 2019-09-17 16:02:06,256 autoreload 217 /Users/yujing/Desktop/git/test_mall/test_mall/settings/dev.py changed, reloading.
INFO 2019-09-17 16:02:06,879 autoreload 597 Watching for file changes with StatReloader
INFO 2019-09-17 16:02:09,163 autoreload 217 /Users/yujing/Desktop/git/test_mall/test_mall/settings/dev.py changed, reloading.
INFO 2019-09-17 16:02:09,674 autoreload 597 Watching for file changes with StatReloader
INFO 2019-09-17 16:09:19,478 autoreload 217 /Users/yujing/Desktop/git/test_mall/test_mall/settings/dev.py changed, reloading.
INFO 2019-09-17 16:09:20,216 autoreload 597 Watching for file changes with StatReloader
INFO 2019-09-17 16:35:15,076 autoreload 217 /Users/yujing/Desktop/git/test_mall/test_mall/settings/dev.py changed, reloading.
INFO 2019-09-17 16:35:15,733 autoreload 597 Watching for file changes with StatReloader
INFO 2019-09-17 16:36:19,919 autoreload 217 /Users/yujing/Desktop/git/test_mall/test_mall/settings/dev.py changed, reloading.
INFO 2019-09-17 16:36:20,478 autoreload 597 Watching for file changes with StatReloader
INFO 2019-09-17 16:36:31,775 autoreload 217 /Users/yujing/Desktop/git/test_mall/test_mall/settings/dev.py changed, reloading.
INFO 2019-09-17 16:36:32,211 autoreload 597 Watching for file changes with StatReloader
INFO 2019-09-17 16:37:08,861 autoreload 217 /Users/yujing/Desktop/git/test_mall/test_mall/settings/dev.py changed, reloading.
INFO 2019-09-17 16:37:09,506 autoreload 597 Watching for file changes with StatReloader
INFO 2019-09-17 16:37:15,266 autoreload 217 /Users/yujing/Desktop/git/test_mall/test_mall/settings/dev.py changed, reloading.
INFO 2019-09-17 16:37:15,683 autoreload 597 Watching for file changes with StatReloader
INFO 2019-09-17 16:43:25,828 autoreload 217 /Users/yujing/Desktop/git/test_mall/test_mall/settings/dev.py changed, reloading.
INFO 2019-09-17 16:43:26,537 autoreload 597 Watching for file changes with StatReloader
INFO 2019-09-17 16:44:05,703 autoreload 217 /Users/yujing/Desktop/git/test_mall/test_mall/settings/dev.py changed, reloading.
INFO 2019-09-17 16:44:06,085 autoreload 597 Watching for file changes with StatReloader
INFO 2019-09-17 16:45:19,605 autoreload 597 Watching for file changes with StatReloader
INFO 2019-09-17 16:46:43,093 autoreload 217 /Users/yujing/Desktop/git/test_mall/test_mall/urls.py changed, reloading.
INFO 2019-09-17 16:46:43,927 autoreload 597 Watching for file changes with StatReloader
INFO 2019-09-17 16:46:51,679 autoreload 217 /Users/yujing/Desktop/git/test_mall/test_mall/urls.py changed, reloading.
INFO 2019-09-17 16:46:52,241 autoreload 597 Watching for file changes with StatReloader
INFO 2019-09-17 16:47:10,609 autoreload 217 /Users/yujing/Desktop/git/test_mall/test_mall/urls.py changed, reloading.
INFO 2019-09-17 16:47:11,186 autoreload 597 Watching for file changes with StatReloader
INFO 2019-09-17 16:54:23,580 autoreload 597 Watching for file changes with StatReloader
INFO 2019-09-17 16:55:55,539 autoreload 597 Watching for file changes with StatReloader
INFO 2019-09-17 16:56:08,706 autoreload 217 /Users/yujing/Desktop/git/test_mall/test_mall/apps/verifications/urls.py changed, reloading.
INFO 2019-09-17 16:56:09,368 autoreload 597 Watching for file changes with StatReloader
INFO 2019-09-17 16:56:16,047 autoreload 217 /Users/yujing/Desktop/git/test_mall/test_mall/apps/users/urls.py changed, reloading.
INFO 2019-09-17 16:56:16,453 autoreload 597 Watching for file changes with StatReloader
INFO 2019-09-17 19:30:51,687 autoreload 217 /Users/yujing/Desktop/git/test_mall/test_mall/apps/users/urls.py changed, reloading.
INFO 2019-09-17 19:30:52,625 autoreload 597 Watching for file changes with StatReloader
INFO 2019-09-18 16:43:08,018 autoreload 217 /Users/yujing/Desktop/git/test_mall/test_mall/apps/users/urls.py changed, reloading.
INFO 2019-09-18 16:43:09,056 autoreload 597 Watching for file changes with StatReloader
INFO 2019-09-18 17:18:24,134 autoreload 597 Watching for file changes with StatReloader
INFO 2019-09-18 17:20:10,186 autoreload 217 /Users/yujing/Desktop/git/test_mall/test_mall/apps/users/urls.py changed, reloading.
INFO 2019-09-18 17:20:11,022 autoreload 597 Watching for file changes with StatReloader
INFO 2019-09-18 17:20:18,959 autoreload 217 /Users/yujing/Desktop/git/test_mall/test_mall/apps/users/urls.py changed, reloading.
INFO 2019-09-18 17:20:22,215 autoreload 597 Watching for file changes with StatReloader
INFO 2019-09-18 17:33:49,314 autoreload 217 /Users/yujing/Desktop/git/test_mall/test_mall/apps/users/urls.py changed, reloading.
INFO 2019-09-18 17:33:50,067 autoreload 597 Watching for file changes with StatReloader
INFO 2019-09-18 17:34:25,357 autoreload 217 /Users/yujing/Desktop/git/test_mall/test_mall/apps/users/urls.py changed, reloading.
INFO 2019-09-18 17:34:25,749 autoreload 597 Watching for file changes with StatReloader
INFO 2019-09-18 17:34:42,374 autoreload 217 /Users/yujing/Desktop/git/test_mall/test_mall/apps/users/urls.py changed, reloading.
INFO 2019-09-18 17:34:42,780 autoreload 597 Watching for file changes with StatReloader
INFO 2019-09-18 17:34:58,010 autoreload 217 /Users/yujing/Desktop/git/test_mall/test_mall/apps/verifications/urls.py changed, reloading.
INFO 2019-09-18 17:34:58,567 autoreload 597 Watching for file changes with StatReloader
INFO 2019-09-18 17:35:15,531 autoreload 217 /Users/yujing/Desktop/git/test_mall/test_mall/apps/verifications/urls.py changed, reloading.
INFO 2019-09-18 17:35:16,050 autoreload 597 Watching for file changes with StatReloader
INFO 2019-09-18 17:46:17,722 autoreload 217 /Users/yujing/Desktop/git/test_mall/test_mall/apps/verifications/views.py changed, reloading.
INFO 2019-09-18 17:46:18,590 autoreload 597 Watching for file changes with StatReloader
INFO 2019-09-18 17:46:23,508 autoreload 217 /Users/yujing/Desktop/git/test_mall/test_mall/apps/verifications/views.py changed, reloading.
INFO 2019-09-18 17:46:23,956 autoreload 597 Watching for file changes with StatReloader
INFO 2019-09-18 17:46:48,603 autoreload 217 /Users/yujing/Desktop/git/test_mall/test_mall/apps/verifications/views.py changed, reloading.
INFO 2019-09-18 17:46:49,426 autoreload 597 Watching for file changes with StatReloader
ERROR 2019-09-18 17:47:51,101 log 228 Internal Server Error: /imagecodes/1/
Traceback (most recent call last):
  File "/usr/local/anaconda3/envs/test_mall/lib/python3.6/site-packages/rest_framework/views.py", line 502, in dispatch
    response = handler(request, *args, **kwargs)
  File "/Users/yujing/Desktop/git/test_mall/test_mall/apps/verifications/views.py", line 40, in get
    text, image = captcha.generate_captcha()
AttributeError: module 'test_mall.libs.captcha.captcha' has no attribute 'generate_captcha'

During handling of the above exception, another exception occurred:

Traceback (most recent call last):
  File "/usr/local/anaconda3/envs/test_mall/lib/python3.6/site-packages/rest_framework/settings.py", line 177, in import_from_string
    return import_string(val)
  File "/usr/local/anaconda3/envs/test_mall/lib/python3.6/site-packages/django/utils/module_loading.py", line 17, in import_string
    module = import_module(module_path)
  File "/usr/local/anaconda3/envs/test_mall/lib/python3.6/importlib/__init__.py", line 126, in import_module
    return _bootstrap._gcd_import(name[level:], package, level)
  File "<frozen importlib._bootstrap>", line 994, in _gcd_import
  File "<frozen importlib._bootstrap>", line 971, in _find_and_load
  File "<frozen importlib._bootstrap>", line 941, in _find_and_load_unlocked
  File "<frozen importlib._bootstrap>", line 219, in _call_with_frames_removed
  File "<frozen importlib._bootstrap>", line 994, in _gcd_import
  File "<frozen importlib._bootstrap>", line 971, in _find_and_load
  File "<frozen importlib._bootstrap>", line 941, in _find_and_load_unlocked
  File "<frozen importlib._bootstrap>", line 219, in _call_with_frames_removed
  File "<frozen importlib._bootstrap>", line 994, in _gcd_import
  File "<frozen importlib._bootstrap>", line 971, in _find_and_load
  File "<frozen importlib._bootstrap>", line 953, in _find_and_load_unlocked
ModuleNotFoundError: No module named 'meiduo_mall'

During handling of the above exception, another exception occurred:

Traceback (most recent call last):
  File "/usr/local/anaconda3/envs/test_mall/lib/python3.6/site-packages/django/core/handlers/exception.py", line 34, in inner
    response = get_response(request)
  File "/usr/local/anaconda3/envs/test_mall/lib/python3.6/site-packages/django/core/handlers/base.py", line 115, in _get_response
    response = self.process_exception_by_middleware(e, request)
  File "/usr/local/anaconda3/envs/test_mall/lib/python3.6/site-packages/django/core/handlers/base.py", line 113, in _get_response
    response = wrapped_callback(request, *callback_args, **callback_kwargs)
  File "/usr/local/anaconda3/envs/test_mall/lib/python3.6/site-packages/django/views/decorators/csrf.py", line 54, in wrapped_view
    return view_func(*args, **kwargs)
  File "/usr/local/anaconda3/envs/test_mall/lib/python3.6/site-packages/django/views/generic/base.py", line 71, in view
    return self.dispatch(request, *args, **kwargs)
  File "/usr/local/anaconda3/envs/test_mall/lib/python3.6/site-packages/rest_framework/views.py", line 505, in dispatch
    response = self.handle_exception(exc)
  File "/usr/local/anaconda3/envs/test_mall/lib/python3.6/site-packages/rest_framework/views.py", line 459, in handle_exception
    exception_handler = self.get_exception_handler()
  File "/usr/local/anaconda3/envs/test_mall/lib/python3.6/site-packages/rest_framework/views.py", line 298, in get_exception_handler
    return self.settings.EXCEPTION_HANDLER
  File "/usr/local/anaconda3/envs/test_mall/lib/python3.6/site-packages/rest_framework/settings.py", line 220, in __getattr__
    val = perform_import(val, attr)
  File "/usr/local/anaconda3/envs/test_mall/lib/python3.6/site-packages/rest_framework/settings.py", line 166, in perform_import
    return import_from_string(val, setting_name)
  File "/usr/local/anaconda3/envs/test_mall/lib/python3.6/site-packages/rest_framework/settings.py", line 180, in import_from_string
    raise ImportError(msg)
ImportError: Could not import 'meiduo_mall.utils.exceptions.my_exception_handler' for API setting 'EXCEPTION_HANDLER'. ModuleNotFoundError: No module named 'meiduo_mall'.
ERROR 2019-09-18 17:47:51,104 basehttp 154 "GET /imagecodes/1/ HTTP/1.1" 500 133313
INFO 2019-09-18 17:48:45,589 autoreload 217 /Users/yujing/Desktop/git/test_mall/test_mall/apps/verifications/views.py changed, reloading.
INFO 2019-09-18 17:48:46,410 autoreload 597 Watching for file changes with StatReloader
ERROR 2019-09-18 17:48:52,129 log 228 Internal Server Error: /imagecodes/1/
Traceback (most recent call last):
  File "/usr/local/anaconda3/envs/test_mall/lib/python3.6/site-packages/rest_framework/views.py", line 502, in dispatch
    response = handler(request, *args, **kwargs)
  File "/Users/yujing/Desktop/git/test_mall/test_mall/apps/verifications/views.py", line 40, in get
    text, image = captcha.Captcha()
TypeError: 'Captcha' object is not iterable

During handling of the above exception, another exception occurred:

Traceback (most recent call last):
  File "/usr/local/anaconda3/envs/test_mall/lib/python3.6/site-packages/rest_framework/settings.py", line 177, in import_from_string
    return import_string(val)
  File "/usr/local/anaconda3/envs/test_mall/lib/python3.6/site-packages/django/utils/module_loading.py", line 17, in import_string
    module = import_module(module_path)
  File "/usr/local/anaconda3/envs/test_mall/lib/python3.6/importlib/__init__.py", line 126, in import_module
    return _bootstrap._gcd_import(name[level:], package, level)
  File "<frozen importlib._bootstrap>", line 994, in _gcd_import
  File "<frozen importlib._bootstrap>", line 971, in _find_and_load
  File "<frozen importlib._bootstrap>", line 941, in _find_and_load_unlocked
  File "<frozen importlib._bootstrap>", line 219, in _call_with_frames_removed
  File "<frozen importlib._bootstrap>", line 994, in _gcd_import
  File "<frozen importlib._bootstrap>", line 971, in _find_and_load
  File "<frozen importlib._bootstrap>", line 941, in _find_and_load_unlocked
  File "<frozen importlib._bootstrap>", line 219, in _call_with_frames_removed
  File "<frozen importlib._bootstrap>", line 994, in _gcd_import
  File "<frozen importlib._bootstrap>", line 971, in _find_and_load
  File "<frozen importlib._bootstrap>", line 953, in _find_and_load_unlocked
ModuleNotFoundError: No module named 'meiduo_mall'

During handling of the above exception, another exception occurred:

Traceback (most recent call last):
  File "/usr/local/anaconda3/envs/test_mall/lib/python3.6/site-packages/django/core/handlers/exception.py", line 34, in inner
    response = get_response(request)
  File "/usr/local/anaconda3/envs/test_mall/lib/python3.6/site-packages/django/core/handlers/base.py", line 115, in _get_response
    response = self.process_exception_by_middleware(e, request)
  File "/usr/local/anaconda3/envs/test_mall/lib/python3.6/site-packages/django/core/handlers/base.py", line 113, in _get_response
    response = wrapped_callback(request, *callback_args, **callback_kwargs)
  File "/usr/local/anaconda3/envs/test_mall/lib/python3.6/site-packages/django/views/decorators/csrf.py", line 54, in wrapped_view
    return view_func(*args, **kwargs)
  File "/usr/local/anaconda3/envs/test_mall/lib/python3.6/site-packages/django/views/generic/base.py", line 71, in view
    return self.dispatch(request, *args, **kwargs)
  File "/usr/local/anaconda3/envs/test_mall/lib/python3.6/site-packages/rest_framework/views.py", line 505, in dispatch
    response = self.handle_exception(exc)
  File "/usr/local/anaconda3/envs/test_mall/lib/python3.6/site-packages/rest_framework/views.py", line 459, in handle_exception
    exception_handler = self.get_exception_handler()
  File "/usr/local/anaconda3/envs/test_mall/lib/python3.6/site-packages/rest_framework/views.py", line 298, in get_exception_handler
    return self.settings.EXCEPTION_HANDLER
  File "/usr/local/anaconda3/envs/test_mall/lib/python3.6/site-packages/rest_framework/settings.py", line 220, in __getattr__
    val = perform_import(val, attr)
  File "/usr/local/anaconda3/envs/test_mall/lib/python3.6/site-packages/rest_framework/settings.py", line 166, in perform_import
    return import_from_string(val, setting_name)
  File "/usr/local/anaconda3/envs/test_mall/lib/python3.6/site-packages/rest_framework/settings.py", line 180, in import_from_string
    raise ImportError(msg)
ImportError: Could not import 'meiduo_mall.utils.exceptions.my_exception_handler' for API setting 'EXCEPTION_HANDLER'. ModuleNotFoundError: No module named 'meiduo_mall'.
ERROR 2019-09-18 17:48:52,132 basehttp 154 "GET /imagecodes/1/ HTTP/1.1" 500 133272
INFO 2019-09-18 17:54:24,281 autoreload 217 /Users/yujing/Desktop/git/test_mall/test_mall/settings/dev.py changed, reloading.
INFO 2019-09-18 17:54:25,044 autoreload 597 Watching for file changes with StatReloader
INFO 2019-09-18 17:54:28,888 autoreload 217 /Users/yujing/Desktop/git/test_mall/test_mall/settings/dev.py changed, reloading.
INFO 2019-09-18 17:54:29,369 autoreload 597 Watching for file changes with StatReloader
ERROR 2019-09-18 17:54:50,255 exceptions 26 [<verifications.views.RegisterImageAPIView object at 0x10a1d4b00>] module 'test_mall.libs.captcha.captcha' has no attribute 'generate_captcha'
ERROR 2019-09-18 17:54:50,299 log 228 Internal Server Error: /imagecodes/1/
ERROR 2019-09-18 17:54:50,299 basehttp 154 "GET /imagecodes/1/ HTTP/1.1" 500 5494
INFO 2019-09-18 17:54:50,479 basehttp 154 "GET /static/rest_framework/css/prettify.css HTTP/1.1" 200 817
INFO 2019-09-18 17:54:50,479 basehttp 154 "GET /static/rest_framework/css/default.css HTTP/1.1" 200 1131
INFO 2019-09-18 17:54:50,481 basehttp 154 "GET /static/rest_framework/css/bootstrap-tweaks.css HTTP/1.1" 200 3385
INFO 2019-09-18 17:54:50,494 basehttp 154 "GET /static/rest_framework/js/csrf.js HTTP/1.1" 200 1719
INFO 2019-09-18 17:54:50,495 basehttp 154 "GET /static/rest_framework/css/bootstrap.min.css HTTP/1.1" 200 121457
INFO 2019-09-18 17:54:50,497 basehttp 154 "GET /static/rest_framework/js/prettify-min.js HTTP/1.1" 200 13632
INFO 2019-09-18 17:54:50,503 basehttp 154 "GET /static/rest_framework/js/jquery-3.4.1.min.js HTTP/1.1" 200 88145
INFO 2019-09-18 17:54:50,506 basehttp 154 "GET /static/rest_framework/js/ajax-form.js HTTP/1.1" 200 3597
INFO 2019-09-18 17:54:50,506 basehttp 154 "GET /static/rest_framework/js/bootstrap.min.js HTTP/1.1" 200 37608
INFO 2019-09-18 17:54:50,507 basehttp 154 "GET /static/rest_framework/js/default.js HTTP/1.1" 200 1268
INFO 2019-09-18 17:54:50,647 basehttp 154 "GET /static/rest_framework/img/grid.png HTTP/1.1" 200 1458
ERROR 2019-09-18 17:56:09,829 exceptions 26 [<verifications.views.RegisterImageAPIView object at 0x10a265048>] module 'test_mall.libs.captcha.captcha' has no attribute 'generate_captcha'
ERROR 2019-09-18 17:56:09,874 log 228 Internal Server Error: /imagecodes/1/
ERROR 2019-09-18 17:56:09,874 basehttp 154 "GET /imagecodes/1/ HTTP/1.1" 500 5494
INFO 2019-09-18 17:56:32,078 autoreload 217 /Users/yujing/Desktop/git/test_mall/test_mall/apps/verifications/views.py changed, reloading.
INFO 2019-09-18 17:56:32,779 autoreload 597 Watching for file changes with StatReloader
INFO 2019-09-18 17:56:42,992 autoreload 217 /Users/yujing/Desktop/git/test_mall/test_mall/apps/verifications/views.py changed, reloading.
INFO 2019-09-18 17:56:43,381 autoreload 597 Watching for file changes with StatReloader
INFO 2019-09-18 17:57:59,038 autoreload 597 Watching for file changes with StatReloader
INFO 2019-09-18 18:45:38,186 autoreload 597 Watching for file changes with StatReloader
ERROR 2019-09-18 18:45:45,146 exceptions 26 [<verifications.views.RegisterImageAPIView object at 0x10f49f080>] module 'test_mall.libs.captcha.captcha' has no attribute 'generate_captcha'
ERROR 2019-09-18 18:45:45,202 log 228 Internal Server Error: /imagecodes/1/
ERROR 2019-09-18 18:45:45,203 basehttp 154 "GET /imagecodes/1/ HTTP/1.1" 500 5494
INFO 2019-09-18 18:45:45,332 basehttp 154 "GET /static/rest_framework/css/bootstrap-tweaks.css HTTP/1.1" 200 3385
INFO 2019-09-18 18:45:45,340 basehttp 154 "GET /static/rest_framework/css/prettify.css HTTP/1.1" 200 817
INFO 2019-09-18 18:45:45,341 basehttp 154 "GET /static/rest_framework/css/bootstrap.min.css HTTP/1.1" 200 121457
INFO 2019-09-18 18:45:45,341 basehttp 154 "GET /static/rest_framework/css/default.css HTTP/1.1" 200 1131
INFO 2019-09-18 18:49:19,414 basehttp 154 "GET /static/rest_framework/js/prettify-min.js HTTP/1.1" 200 13632
INFO 2019-09-18 18:49:19,415 basehttp 154 "GET /static/rest_framework/js/csrf.js HTTP/1.1" 200 1719
INFO 2019-09-18 18:49:19,416 basehttp 154 "GET /static/rest_framework/js/jquery-3.4.1.min.js HTTP/1.1" 200 88145
INFO 2019-09-18 18:49:19,417 basehttp 154 "GET /static/rest_framework/js/ajax-form.js HTTP/1.1" 200 3597
INFO 2019-09-18 18:49:19,418 basehttp 154 "GET /static/rest_framework/js/bootstrap.min.js HTTP/1.1" 200 37608
INFO 2019-09-18 18:49:19,418 basehttp 154 "GET /static/rest_framework/js/default.js HTTP/1.1" 200 1268
INFO 2019-09-18 18:49:19,766 basehttp 154 "GET /static/rest_framework/img/grid.png HTTP/1.1" 200 1458
INFO 2019-09-18 18:49:37,133 basehttp 154 "OPTIONS /imagecodes/1/ HTTP/1.1" 200 5618
ERROR 2019-09-18 18:50:29,345 exceptions 26 [<verifications.views.RegisterImageAPIView object at 0x10f5cf0b8>] module 'test_mall.libs.captcha.captcha' has no attribute 'generate_captcha'
ERROR 2019-09-18 18:50:29,365 log 228 Internal Server Error: /imagecodes/1/
ERROR 2019-09-18 18:50:29,366 basehttp 154 "GET /imagecodes/1/ HTTP/1.1" 500 5494
INFO 2019-09-18 18:52:22,993 autoreload 217 /Users/yujing/Desktop/git/test_mall/test_mall/apps/verifications/views.py changed, reloading.
INFO 2019-09-18 18:52:23,712 autoreload 597 Watching for file changes with StatReloader
INFO 2019-09-18 18:52:35,948 autoreload 597 Watching for file changes with StatReloader
INFO 2019-09-18 18:53:26,242 autoreload 597 Watching for file changes with StatReloader
INFO 2019-09-18 18:53:45,195 autoreload 217 /Users/yujing/Desktop/git/test_mall/test_mall/apps/verifications/views.py changed, reloading.
INFO 2019-09-18 18:53:45,628 autoreload 597 Watching for file changes with StatReloader
INFO 2019-09-18 18:57:35,980 autoreload 217 /Users/yujing/Desktop/git/test_mall/test_mall/apps/verifications/views.py changed, reloading.
INFO 2019-09-18 18:57:36,954 autoreload 597 Watching for file changes with StatReloader
INFO 2019-09-18 19:02:03,195 autoreload 597 Watching for file changes with StatReloader
INFO 2019-09-18 19:02:10,656 basehttp 154 "GET /imagecodes/1/ HTTP/1.1" 200 2998
